  ATM System.cpp
E:\projects\my library\logic_stuff.h(117,14): warning C4267: 'initializing': conversion from 'size_t' to 'int', possible loss of data
  (compiling source file 'ATM%20System.cpp')
  
E:\projects\c++ course\08 - Algorithms & Problem Solving Level 4\Project 2\ATM System\ATM System.cpp(50,31): warning C4267: '=': conversion from 'size_t' to 'short', possible loss of data
E:\projects\c++ course\08 - Algorithms & Problem Solving Level 4\Project 2\ATM System\ATM System.cpp(272,19): warning C4244: 'initializing': conversion from 'double' to 'int', possible loss of data
E:\projects\c++ course\08 - Algorithms & Problem Solving Level 4\Project 2\ATM System\ATM System.cpp(291,41): warning C4244: '=': conversion from 'double' to 'int', possible loss of data
E:\projects\c++ course\08 - Algorithms & Problem Solving Level 4\Project 2\ATM System\ATM System.cpp(304,43): warning C4244: '=': conversion from 'double' to 'int', possible loss of data
E:\projects\c++ course\08 - Algorithms & Problem Solving Level 4\Project 2\ATM System\ATM System.cpp(365,22): warning C4244: 'initializing': conversion from 'double' to 'int', possible loss of data
E:\projects\c++ course\08 - Algorithms & Problem Solving Level 4\Project 2\ATM System\ATM System.cpp(384,6): error C2679: binary '<<': no operator found which takes a right-hand operand of type 'StUser' (or there is no acceptable conversion)
      C:\Program Files\Microsoft Visual Studio\2022\Community\VC\Tools\MSVC\14.44.35207\include\__msvc_ostream.hpp(480,39):
      could be 'std::basic_ostream<char,std::char_traits<char>> &std::basic_ostream<char,std::char_traits<char>>::operator <<(std::basic_streambuf<char,std::char_traits<char>> *)'
          E:\projects\c++ course\08 - Algorithms & Problem Solving Level 4\Project 2\ATM System\ATM System.cpp(384,6):
          'std::basic_ostream<char,std::char_traits<char>> &std::basic_ostream<char,std::char_traits<char>>::operator <<(std::basic_streambuf<char,std::char_traits<char>> *)': cannot convert argument 2 from 'StUser' to 'std::basic_streambuf<char,std::char_traits<char>> *'
              E:\projects\c++ course\08 - Algorithms & Problem Solving Level 4\Project 2\ATM System\ATM System.cpp(384,17):
              No user-defined-conversion operator available that can perform this conversion, or the operator cannot be called
      C:\Program Files\Microsoft Visual Studio\2022\Community\VC\Tools\MSVC\14.44.35207\include\__msvc_ostream.hpp(448,39):
      or       'std::basic_ostream<char,std::char_traits<char>> &std::basic_ostream<char,std::char_traits<char>>::operator <<(const void *)'
          E:\projects\c++ course\08 - Algorithms & Problem Solving Level 4\Project 2\ATM System\ATM System.cpp(384,6):
          'std::basic_ostream<char,std::char_traits<char>> &std::basic_ostream<char,std::char_traits<char>>::operator <<(const void *)': cannot convert argument 2 from 'StUser' to 'const void *'
              E:\projects\c++ course\08 - Algorithms & Problem Solving Level 4\Project 2\ATM System\ATM System.cpp(384,17):
              No user-defined-conversion operator available that can perform this conversion, or the operator cannot be called
      C:\Program Files\Microsoft Visual Studio\2022\Community\VC\Tools\MSVC\14.44.35207\include\__msvc_ostream.hpp(430,39):
      or       'std::basic_ostream<char,std::char_traits<char>> &std::basic_ostream<char,std::char_traits<char>>::operator <<(long double)'
          E:\projects\c++ course\08 - Algorithms & Problem Solving Level 4\Project 2\ATM System\ATM System.cpp(384,6):
          'std::basic_ostream<char,std::char_traits<char>> &std::basic_ostream<char,std::char_traits<char>>::operator <<(long double)': cannot convert argument 2 from 'StUser' to 'long double'
              E:\projects\c++ course\08 - Algorithms & Problem Solving Level 4\Project 2\ATM System\ATM System.cpp(384,17):
              No user-defined-conversion operator available that can perform this conversion, or the operator cannot be called
      C:\Program Files\Microsoft Visual Studio\2022\Community\VC\Tools\MSVC\14.44.35207\include\__msvc_ostream.hpp(412,39):
      or       'std::basic_ostream<char,std::char_traits<char>> &std::basic_ostream<char,std::char_traits<char>>::operator <<(double)'
          E:\projects\c++ course\08 - Algorithms & Problem Solving Level 4\Project 2\ATM System\ATM System.cpp(384,6):
          'std::basic_ostream<char,std::char_traits<char>> &std::basic_ostream<char,std::char_traits<char>>::operator <<(double)': cannot convert argument 2 from 'StUser' to 'double'
              E:\projects\c++ course\08 - Algorithms & Problem Solving Level 4\Project 2\ATM System\ATM System.cpp(384,17):
              No user-defined-conversion operator available that can perform this conversion, or the operator cannot be called
      C:\Program Files\Microsoft Visual Studio\2022\Community\VC\Tools\MSVC\14.44.35207\include\__msvc_ostream.hpp(394,39):
      or       'std::basic_ostream<char,std::char_traits<char>> &std::basic_ostream<char,std::char_traits<char>>::operator <<(float)'
          E:\projects\c++ course\08 - Algorithms & Problem Solving Level 4\Project 2\ATM System\ATM System.cpp(384,6):
          'std::basic_ostream<char,std::char_traits<char>> &std::basic_ostream<char,std::char_traits<char>>::operator <<(float)': cannot convert argument 2 from 'StUser' to 'float'
              E:\projects\c++ course\08 - Algorithms & Problem Solving Level 4\Project 2\ATM System\ATM System.cpp(384,17):
              No user-defined-conversion operator available that can perform this conversion, or the operator cannot be called
      C:\Program Files\Microsoft Visual Studio\2022\Community\VC\Tools\MSVC\14.44.35207\include\__msvc_ostream.hpp(376,39):
      or       'std::basic_ostream<char,std::char_traits<char>> &std::basic_ostream<char,std::char_traits<char>>::operator <<(unsigned __int64)'
          E:\projects\c++ course\08 - Algorithms & Problem Solving Level 4\Project 2\ATM System\ATM System.cpp(384,6):
          'std::basic_ostream<char,std::char_traits<char>> &std::basic_ostream<char,std::char_traits<char>>::operator <<(unsigned __int64)': cannot convert argument 2 from 'StUser' to 'unsigned __int64'
              E:\projects\c++ course\08 - Algorithms & Problem Solving Level 4\Project 2\ATM System\ATM System.cpp(384,17):
              No user-defined-conversion operator available that can perform this conversion, or the operator cannot be called
      C:\Program Files\Microsoft Visual Studio\2022\Community\VC\Tools\MSVC\14.44.35207\include\__msvc_ostream.hpp(358,39):
      or       'std::basic_ostream<char,std::char_traits<char>> &std::basic_ostream<char,std::char_traits<char>>::operator <<(__int64)'
          E:\projects\c++ course\08 - Algorithms & Problem Solving Level 4\Project 2\ATM System\ATM System.cpp(384,6):
          'std::basic_ostream<char,std::char_traits<char>> &std::basic_ostream<char,std::char_traits<char>>::operator <<(__int64)': cannot convert argument 2 from 'StUser' to '__int64'
              E:\projects\c++ course\08 - Algorithms & Problem Solving Level 4\Project 2\ATM System\ATM System.cpp(384,17):
              No user-defined-conversion operator available that can perform this conversion, or the operator cannot be called
      C:\Program Files\Microsoft Visual Studio\2022\Community\VC\Tools\MSVC\14.44.35207\include\__msvc_ostream.hpp(340,39):
      or       'std::basic_ostream<char,std::char_traits<char>> &std::basic_ostream<char,std::char_traits<char>>::operator <<(unsigned long)'
          E:\projects\c++ course\08 - Algorithms & Problem Solving Level 4\Project 2\ATM System\ATM System.cpp(384,6):
          'std::basic_ostream<char,std::char_traits<char>> &std::basic_ostream<char,std::char_traits<char>>::operator <<(unsigned long)': cannot convert argument 2 from 'StUser' to 'unsigned long'
              E:\projects\c++ course\08 - Algorithms & Problem Solving Level 4\Project 2\ATM System\ATM System.cpp(384,17):
              No user-defined-conversion operator available that can perform this conversion, or the operator cannot be called
      C:\Program Files\Microsoft Visual Studio\2022\Community\VC\Tools\MSVC\14.44.35207\include\__msvc_ostream.hpp(322,39):
      or       'std::basic_ostream<char,std::char_traits<char>> &std::basic_ostream<char,std::char_traits<char>>::operator <<(long)'
          E:\projects\c++ course\08 - Algorithms & Problem Solving Level 4\Project 2\ATM System\ATM System.cpp(384,6):
          'std::basic_ostream<char,std::char_traits<char>> &std::basic_ostream<char,std::char_traits<char>>::operator <<(long)': cannot convert argument 2 from 'StUser' to 'long'
              E:\projects\c++ course\08 - Algorithms & Problem Solving Level 4\Project 2\ATM System\ATM System.cpp(384,17):
              No user-defined-conversion operator available that can perform this conversion, or the operator cannot be called
      C:\Program Files\Microsoft Visual Studio\2022\Community\VC\Tools\MSVC\14.44.35207\include\__msvc_ostream.hpp(303,39):
      or       'std::basic_ostream<char,std::char_traits<char>> &std::basic_ostream<char,std::char_traits<char>>::operator <<(unsigned int)'
          E:\projects\c++ course\08 - Algorithms & Problem Solving Level 4\Project 2\ATM System\ATM System.cpp(384,6):
          'std::basic_ostream<char,std::char_traits<char>> &std::basic_ostream<char,std::char_traits<char>>::operator <<(unsigned int)': cannot convert argument 2 from 'StUser' to 'unsigned int'
              E:\projects\c++ course\08 - Algorithms & Problem Solving Level 4\Project 2\ATM System\ATM System.cpp(384,17):
              No user-defined-conversion operator available that can perform this conversion, or the operator cannot be called
      C:\Program Files\Microsoft Visual Studio\2022\Community\VC\Tools\MSVC\14.44.35207\include\__msvc_ostream.hpp(277,39):
      or       'std::basic_ostream<char,std::char_traits<char>> &std::basic_ostream<char,std::char_traits<char>>::operator <<(int)'
          E:\projects\c++ course\08 - Algorithms & Problem Solving Level 4\Project 2\ATM System\ATM System.cpp(384,6):
          'std::basic_ostream<char,std::char_traits<char>> &std::basic_ostream<char,std::char_traits<char>>::operator <<(int)': cannot convert argument 2 from 'StUser' to 'int'
              E:\projects\c++ course\08 - Algorithms & Problem Solving Level 4\Project 2\ATM System\ATM System.cpp(384,17):
              No user-defined-conversion operator available that can perform this conversion, or the operator cannot be called
      C:\Program Files\Microsoft Visual Studio\2022\Community\VC\Tools\MSVC\14.44.35207\include\__msvc_ostream.hpp(258,39):
      or       'std::basic_ostream<char,std::char_traits<char>> &std::basic_ostream<char,std::char_traits<char>>::operator <<(unsigned short)'
          E:\projects\c++ course\08 - Algorithms & Problem Solving Level 4\Project 2\ATM System\ATM System.cpp(384,6):
          'std::basic_ostream<char,std::char_traits<char>> &std::basic_ostream<char,std::char_traits<char>>::operator <<(unsigned short)': cannot convert argument 2 from 'StUser' to 'unsigned short'
              E:\projects\c++ course\08 - Algorithms & Problem Solving Level 4\Project 2\ATM System\ATM System.cpp(384,17):
              No user-defined-conversion operator available that can perform this conversion, or the operator cannot be called
      C:\Program Files\Microsoft Visual Studio\2022\Community\VC\Tools\MSVC\14.44.35207\include\__msvc_ostream.hpp(224,39):
      or       'std::basic_ostream<char,std::char_traits<char>> &std::basic_ostream<char,std::char_traits<char>>::operator <<(short)'
          E:\projects\c++ course\08 - Algorithms & Problem Solving Level 4\Project 2\ATM System\ATM System.cpp(384,6):
          'std::basic_ostream<char,std::char_traits<char>> &std::basic_ostream<char,std::char_traits<char>>::operator <<(short)': cannot convert argument 2 from 'StUser' to 'short'
              E:\projects\c++ course\08 - Algorithms & Problem Solving Level 4\Project 2\ATM System\ATM System.cpp(384,17):
              No user-defined-conversion operator available that can perform this conversion, or the operator cannot be called
      C:\Program Files\Microsoft Visual Studio\2022\Community\VC\Tools\MSVC\14.44.35207\include\__msvc_ostream.hpp(206,39):
      or       'std::basic_ostream<char,std::char_traits<char>> &std::basic_ostream<char,std::char_traits<char>>::operator <<(bool)'
          E:\projects\c++ course\08 - Algorithms & Problem Solving Level 4\Project 2\ATM System\ATM System.cpp(384,6):
          'std::basic_ostream<char,std::char_traits<char>> &std::basic_ostream<char,std::char_traits<char>>::operator <<(bool)': cannot convert argument 2 from 'StUser' to 'bool'
              E:\projects\c++ course\08 - Algorithms & Problem Solving Level 4\Project 2\ATM System\ATM System.cpp(384,17):
              No user-defined-conversion operator available that can perform this conversion, or the operator cannot be called
      C:\Program Files\Microsoft Visual Studio\2022\Community\VC\Tools\MSVC\14.44.35207\include\__msvc_ostream.hpp(200,39):
      or       'std::basic_ostream<char,std::char_traits<char>> &std::basic_ostream<char,std::char_traits<char>>::operator <<(std::ios_base &(__cdecl *)(std::ios_base &))'
          E:\projects\c++ course\08 - Algorithms & Problem Solving Level 4\Project 2\ATM System\ATM System.cpp(384,6):
          'std::basic_ostream<char,std::char_traits<char>> &std::basic_ostream<char,std::char_traits<char>>::operator <<(std::ios_base &(__cdecl *)(std::ios_base &))': cannot convert argument 2 from 'StUser' to 'std::ios_base &(__cdecl *)(std::ios_base &)'
              E:\projects\c++ course\08 - Algorithms & Problem Solving Level 4\Project 2\ATM System\ATM System.cpp(384,17):
              No user-defined-conversion operator available that can perform this conversion, or the operator cannot be called
      C:\Program Files\Microsoft Visual Studio\2022\Community\VC\Tools\MSVC\14.44.35207\include\__msvc_ostream.hpp(194,39):
      or       'std::basic_ostream<char,std::char_traits<char>> &std::basic_ostream<char,std::char_traits<char>>::operator <<(std::basic_ios<char,std::char_traits<char>> &(__cdecl *)(std::basic_ios<char,std::char_traits<char>> &))'
          E:\projects\c++ course\08 - Algorithms & Problem Solving Level 4\Project 2\ATM System\ATM System.cpp(384,6):
          'std::basic_ostream<char,std::char_traits<char>> &std::basic_ostream<char,std::char_traits<char>>::operator <<(std::basic_ios<char,std::char_traits<char>> &(__cdecl *)(std::basic_ios<char,std::char_traits<char>> &))': cannot convert argument 2 from 'StUser' to 'std::basic_ios<char,std::char_traits<char>> &(__cdecl *)(std::basic_ios<char,std::char_traits<char>> &)'
              E:\projects\c++ course\08 - Algorithms & Problem Solving Level 4\Project 2\ATM System\ATM System.cpp(384,17):
              No user-defined-conversion operator available that can perform this conversion, or the operator cannot be called
      C:\Program Files\Microsoft Visual Studio\2022\Community\VC\Tools\MSVC\14.44.35207\include\__msvc_ostream.hpp(189,39):
      or       'std::basic_ostream<char,std::char_traits<char>> &std::basic_ostream<char,std::char_traits<char>>::operator <<(std::basic_ostream<char,std::char_traits<char>> &(__cdecl *)(std::basic_ostream<char,std::char_traits<char>> &))'
          E:\projects\c++ course\08 - Algorithms & Problem Solving Level 4\Project 2\ATM System\ATM System.cpp(384,6):
          'std::basic_ostream<char,std::char_traits<char>> &std::basic_ostream<char,std::char_traits<char>>::operator <<(std::basic_ostream<char,std::char_traits<char>> &(__cdecl *)(std::basic_ostream<char,std::char_traits<char>> &))': cannot convert argument 2 from 'StUser' to 'std::basic_ostream<char,std::char_traits<char>> &(__cdecl *)(std::basic_ostream<char,std::char_traits<char>> &)'
              E:\projects\c++ course\08 - Algorithms & Problem Solving Level 4\Project 2\ATM System\ATM System.cpp(384,17):
              No user-defined-conversion operator available that can perform this conversion, or the operator cannot be called
      C:\Program Files\Microsoft Visual Studio\2022\Community\VC\Tools\MSVC\14.44.35207\include\__msvc_ostream.hpp(1031,32):
      or       'std::basic_ostream<_Elem,_Traits> &std::operator <<(std::basic_ostream<_Elem,_Traits> &,const std::error_code &)'
          E:\projects\c++ course\08 - Algorithms & Problem Solving Level 4\Project 2\ATM System\ATM System.cpp(384,17):
          'initializing': cannot convert from 'StUser' to 'const std::error_code &'
              E:\projects\c++ course\08 - Algorithms & Problem Solving Level 4\Project 2\ATM System\ATM System.cpp(384,17):
              Reason: cannot convert from 'StUser' to 'const std::error_code'
              E:\projects\c++ course\08 - Algorithms & Problem Solving Level 4\Project 2\ATM System\ATM System.cpp(384,17):
              No user-defined-conversion operator available that can perform this conversion, or the operator cannot be called
      C:\Program Files\Microsoft Visual Studio\2022\Community\VC\Tools\MSVC\14.44.35207\include\__msvc_ostream.hpp(1005,9):
      or       '_Ostr &&std::operator <<(_Ostr &&,const _Ty &)'
          E:\projects\c++ course\08 - Algorithms & Problem Solving Level 4\Project 2\ATM System\ATM System.cpp(384,6):
          '_Ostr &&std::operator <<(_Ostr &&,const _Ty &)': could not deduce template argument for '__formal'
              C:\Program Files\Microsoft Visual Studio\2022\Community\VC\Tools\MSVC\14.44.35207\include\__msvc_ostream.hpp(1004,103):
              '<template-parameter>': you cannot create a pointer to a reference
      C:\Program Files\Microsoft Visual Studio\2022\Community\VC\Tools\MSVC\14.44.35207\include\__msvc_ostream.hpp(947,31):
      or       'std::basic_ostream<char,_Traits> &std::operator <<(std::basic_ostream<char,_Traits> &,unsigned char)'
          E:\projects\c++ course\08 - Algorithms & Problem Solving Level 4\Project 2\ATM System\ATM System.cpp(384,17):
          'initializing': cannot convert from 'StUser' to 'unsigned char'
              E:\projects\c++ course\08 - Algorithms & Problem Solving Level 4\Project 2\ATM System\ATM System.cpp(384,17):
              No user-defined-conversion operator available that can perform this conversion, or the operator cannot be called
      C:\Program Files\Microsoft Visual Studio\2022\Community\VC\Tools\MSVC\14.44.35207\include\__msvc_ostream.hpp(941,31):
      or       'std::basic_ostream<char,_Traits> &std::operator <<(std::basic_ostream<char,_Traits> &,const unsigned char *)'
          E:\projects\c++ course\08 - Algorithms & Problem Solving Level 4\Project 2\ATM System\ATM System.cpp(384,17):
          'initializing': cannot convert from 'StUser' to 'const unsigned char *'
              E:\projects\c++ course\08 - Algorithms & Problem Solving Level 4\Project 2\ATM System\ATM System.cpp(384,17):
              No user-defined-conversion operator available that can perform this conversion, or the operator cannot be called
      C:\Program Files\Microsoft Visual Studio\2022\Community\VC\Tools\MSVC\14.44.35207\include\__msvc_ostream.hpp(936,31):
      or       'std::basic_ostream<char,_Traits> &std::operator <<(std::basic_ostream<char,_Traits> &,signed char)'
          E:\projects\c++ course\08 - Algorithms & Problem Solving Level 4\Project 2\ATM System\ATM System.cpp(384,17):
          'initializing': cannot convert from 'StUser' to 'signed char'
              E:\projects\c++ course\08 - Algorithms & Problem Solving Level 4\Project 2\ATM System\ATM System.cpp(384,17):
              No user-defined-conversion operator available that can perform this conversion, or the operator cannot be called
      C:\Program Files\Microsoft Visual Studio\2022\Community\VC\Tools\MSVC\14.44.35207\include\__msvc_ostream.hpp(930,31):
      or       'std::basic_ostream<char,_Traits> &std::operator <<(std::basic_ostream<char,_Traits> &,const signed char *)'
          E:\projects\c++ course\08 - Algorithms & Problem Solving Level 4\Project 2\ATM System\ATM System.cpp(384,17):
          'initializing': cannot convert from 'StUser' to 'const signed char *'
              E:\projects\c++ course\08 - Algorithms & Problem Solving Level 4\Project 2\ATM System\ATM System.cpp(384,17):
              No user-defined-conversion operator available that can perform this conversion, or the operator cannot be called
      C:\Program Files\Microsoft Visual Studio\2022\Community\VC\Tools\MSVC\14.44.35207\include\__msvc_ostream.hpp(894,32):
      or       'std::basic_ostream<_Elem,_Traits> &std::operator <<(std::basic_ostream<_Elem,_Traits> &,_Elem)'
          E:\projects\c++ course\08 - Algorithms & Problem Solving Level 4\Project 2\ATM System\ATM System.cpp(384,6):
          'std::basic_ostream<_Elem,_Traits> &std::operator <<(std::basic_ostream<_Elem,_Traits> &,_Elem)': template parameter '_Elem' is ambiguous
              E:\projects\c++ course\08 - Algorithms & Problem Solving Level 4\Project 2\ATM System\ATM System.cpp(384,6):
              could be 'StUser'
              E:\projects\c++ course\08 - Algorithms & Problem Solving Level 4\Project 2\ATM System\ATM System.cpp(384,6):
              or       'char'
          E:\projects\c++ course\08 - Algorithms & Problem Solving Level 4\Project 2\ATM System\ATM System.cpp(384,6):
          'std::basic_ostream<_Elem,_Traits> &std::operator <<(std::basic_ostream<_Elem,_Traits> &,_Elem)': could not deduce template argument for '_Elem' from 'StUser'
      C:\Program Files\Microsoft Visual Studio\2022\Community\VC\Tools\MSVC\14.44.35207\include\__msvc_ostream.hpp(851,32):
      or       'std::basic_ostream<_Elem,_Traits> &std::operator <<(std::basic_ostream<_Elem,_Traits> &,const _Elem *)'
          E:\projects\c++ course\08 - Algorithms & Problem Solving Level 4\Project 2\ATM System\ATM System.cpp(384,6):
          'std::basic_ostream<_Elem,_Traits> &std::operator <<(std::basic_ostream<_Elem,_Traits> &,const _Elem *)': could not deduce template argument for 'const _Elem *' from 'StUser'
      C:\Program Files\Microsoft Visual Studio\2022\Community\VC\Tools\MSVC\14.44.35207\include\__msvc_ostream.hpp(813,31):
      or       'std::basic_ostream<char,_Traits> &std::operator <<(std::basic_ostream<char,_Traits> &,char)'
          E:\projects\c++ course\08 - Algorithms & Problem Solving Level 4\Project 2\ATM System\ATM System.cpp(384,17):
          'initializing': cannot convert from 'StUser' to 'char'
              E:\projects\c++ course\08 - Algorithms & Problem Solving Level 4\Project 2\ATM System\ATM System.cpp(384,17):
              No user-defined-conversion operator available that can perform this conversion, or the operator cannot be called
      C:\Program Files\Microsoft Visual Studio\2022\Community\VC\Tools\MSVC\14.44.35207\include\__msvc_ostream.hpp(768,31):
      or       'std::basic_ostream<char,_Traits> &std::operator <<(std::basic_ostream<char,_Traits> &,const char *)'
          E:\projects\c++ course\08 - Algorithms & Problem Solving Level 4\Project 2\ATM System\ATM System.cpp(384,17):
          'initializing': cannot convert from 'StUser' to 'const char *'
              E:\projects\c++ course\08 - Algorithms & Problem Solving Level 4\Project 2\ATM System\ATM System.cpp(384,17):
              No user-defined-conversion operator available that can perform this conversion, or the operator cannot be called
      C:\Program Files\Microsoft Visual Studio\2022\Community\VC\Tools\MSVC\14.44.35207\include\__msvc_ostream.hpp(732,32):
      or       'std::basic_ostream<_Elem,_Traits> &std::operator <<(std::basic_ostream<_Elem,_Traits> &,char)'
          E:\projects\c++ course\08 - Algorithms & Problem Solving Level 4\Project 2\ATM System\ATM System.cpp(384,17):
          'initializing': cannot convert from 'StUser' to 'char'
              E:\projects\c++ course\08 - Algorithms & Problem Solving Level 4\Project 2\ATM System\ATM System.cpp(384,17):
              No user-defined-conversion operator available that can perform this conversion, or the operator cannot be called
      C:\Program Files\Microsoft Visual Studio\2022\Community\VC\Tools\MSVC\14.44.35207\include\__msvc_ostream.hpp(688,32):
      or       'std::basic_ostream<_Elem,_Traits> &std::operator <<(std::basic_ostream<_Elem,_Traits> &,const char *)'
          E:\projects\c++ course\08 - Algorithms & Problem Solving Level 4\Project 2\ATM System\ATM System.cpp(384,17):
          'initializing': cannot convert from 'StUser' to 'const char *'
              E:\projects\c++ course\08 - Algorithms & Problem Solving Level 4\Project 2\ATM System\ATM System.cpp(384,17):
              No user-defined-conversion operator available that can perform this conversion, or the operator cannot be called
      C:\Program Files\Microsoft Visual Studio\2022\Community\VC\Tools\MSVC\14.44.35207\include\memory(3792,32):
      or       'std::basic_ostream<_Elem,_Traits> &std::operator <<(std::basic_ostream<_Elem,_Traits> &,const std::unique_ptr<_Ty2,_Dx2> &)'
          E:\projects\c++ course\08 - Algorithms & Problem Solving Level 4\Project 2\ATM System\ATM System.cpp(384,6):
          'std::basic_ostream<_Elem,_Traits> &std::operator <<(std::basic_ostream<_Elem,_Traits> &,const std::unique_ptr<_Ty2,_Dx2> &)': could not deduce template argument for 'const std::unique_ptr<_Ty2,_Dx2> &' from 'StUser'
      C:\Program Files\Microsoft Visual Studio\2022\Community\VC\Tools\MSVC\14.44.35207\include\memory(1984,32):
      or       'std::basic_ostream<_Elem,_Traits> &std::operator <<(std::basic_ostream<_Elem,_Traits> &,const std::shared_ptr<_Ty> &)'
          E:\projects\c++ course\08 - Algorithms & Problem Solving Level 4\Project 2\ATM System\ATM System.cpp(384,6):
          'std::basic_ostream<_Elem,_Traits> &std::operator <<(std::basic_ostream<_Elem,_Traits> &,const std::shared_ptr<_Ty> &)': could not deduce template argument for 'const std::shared_ptr<_Ty> &' from 'StUser'
      C:\Program Files\Microsoft Visual Studio\2022\Community\VC\Tools\MSVC\14.44.35207\include\xstring(3444,32):
      or       'std::basic_ostream<_Elem,_Traits> &std::operator <<(std::basic_ostream<_Elem,_Traits> &,const std::basic_string<_Elem,_Traits,_Alloc> &)'
          E:\projects\c++ course\08 - Algorithms & Problem Solving Level 4\Project 2\ATM System\ATM System.cpp(384,6):
          'std::basic_ostream<_Elem,_Traits> &std::operator <<(std::basic_ostream<_Elem,_Traits> &,const std::basic_string<_Elem,_Traits,_Alloc> &)': could not deduce template argument for 'const std::basic_string<_Elem,_Traits,_Alloc> &' from 'StUser'
      E:\projects\c++ course\08 - Algorithms & Problem Solving Level 4\Project 2\ATM System\ATM System.cpp(384,6):
      while trying to match the argument list '(std::basic_ostream<char,std::char_traits<char>>, StUser)'
  
E:\projects\c++ course\08 - Algorithms & Problem Solving Level 4\Project 2\ATM System\ATM System.cpp(385,1): error C2143: syntax error: missing ';' before '}'
